<?xml version="1.0" encoding="UTF-8"?>
<testng-results skipped="0" failed="0" total="1" passed="1">
  <reporter-output>
  </reporter-output>
  <suite name="Default suite" duration-ms="35744" started-at="2018-10-07T19:10:01Z" finished-at="2018-10-07T19:10:37Z">
    <groups>
    </groups>
    <test name="Default test" duration-ms="35744" started-at="2018-10-07T19:10:01Z" finished-at="2018-10-07T19:10:37Z">
      <class name="Tests.RealtorTests">
        <test-method status="PASS" signature="initializeSettings()[pri:0, instance:Tests.RealtorTests@9629756]" name="initializeSettings" is-config="true" duration-ms="11212" started-at="2018-10-07T15:10:01Z" finished-at="2018-10-07T15:10:12Z">
          <reporter-output>
          </reporter-output>
        </test-method> <!-- initializeSettings -->
        <test-method status="PASS" signature="realtorTest()[pri:0, instance:Tests.RealtorTests@9629756]" name="realtorTest" duration-ms="23551" started-at="2018-10-07T15:10:12Z" finished-at="2018-10-07T15:10:36Z">
          <reporter-output>
          </reporter-output>
        </test-method> <!-- realtorTest -->
        <test-method status="PASS" signature="testCleanUp()[pri:0, instance:Tests.RealtorTests@9629756]" name="testCleanUp" is-config="true" duration-ms="961" started-at="2018-10-07T15:10:36Z" finished-at="2018-10-07T15:10:37Z">
          <reporter-output>
          </reporter-output>
        </test-method> <!-- testCleanUp -->
      </class> <!-- Tests.RealtorTests -->
    </test> <!-- Default test -->
  </suite> <!-- Default suite -->
</testng-results>
