<?xml version="1.0" encoding="UTF-8"?>
<testng-results skipped="0" failed="0" total="1" passed="1">
  <reporter-output>
  </reporter-output>
  <suite name="Default suite" duration-ms="25148" started-at="2018-10-11T13:49:44Z" finished-at="2018-10-11T13:50:09Z">
    <groups>
    </groups>
    <test name="Default test" duration-ms="25148" started-at="2018-10-11T13:49:44Z" finished-at="2018-10-11T13:50:09Z">
      <class name="Tests.RealtorTests">
        <test-method status="PASS" signature="initializeSettings()[pri:0, instance:Tests.RealtorTests@4520ebad]" name="initializeSettings" is-config="true" duration-ms="10232" started-at="2018-10-11T09:49:44Z" finished-at="2018-10-11T09:49:54Z">
          <reporter-output>
          </reporter-output>
        </test-method> <!-- initializeSettings -->
        <test-method status="PASS" signature="realtorTest()[pri:0, instance:Tests.RealtorTests@4520ebad]" name="realtorTest" duration-ms="14057" started-at="2018-10-11T09:49:54Z" finished-at="2018-10-11T09:50:08Z">
          <reporter-output>
          </reporter-output>
        </test-method> <!-- realtorTest -->
        <test-method status="PASS" signature="testCleanUp()[pri:0, instance:Tests.RealtorTests@4520ebad]" name="testCleanUp" is-config="true" duration-ms="839" started-at="2018-10-11T09:50:08Z" finished-at="2018-10-11T09:50:09Z">
          <reporter-output>
          </reporter-output>
        </test-method> <!-- testCleanUp -->
      </class> <!-- Tests.RealtorTests -->
    </test> <!-- Default test -->
  </suite> <!-- Default suite -->
</testng-results>
